E:\DATA2\CSTRIKE_NEN\CSTRIKE\METAHOOK\PLUGINS\COPYDATA.DLL
E:\DATA2\DATAMOD\PLUGIN\PLGMETAHOCK\DEBUG\CALCSCREEN.OBJ
E:\data2\Datamod\Plugin\PLGMETAHOCK\Debug\cl.command.1.tlog
E:\data2\Datamod\Plugin\PLGMETAHOCK\Debug\CL.read.1.tlog
E:\data2\Datamod\Plugin\PLGMETAHOCK\Debug\CL.write.1.tlog
E:\data2\Datamod\Plugin\PLGMETAHOCK\Debug\CopyData.dll
E:\DATA2\DATAMOD\PLUGIN\PLGMETAHOCK\DEBUG\COPYDATA.DLL.INTERMEDIATE.MANIFEST
E:\data2\Datamod\Plugin\PLGMETAHOCK\Debug\CopyData.exp
E:\data2\Datamod\Plugin\PLGMETAHOCK\Debug\CopyData.lib
E:\DATA2\DATAMOD\PLUGIN\PLGMETAHOCK\DEBUG\COPYDATA.PDB
E:\data2\Datamod\Plugin\PLGMETAHOCK\Debug\CopyData.write.1.tlog
E:\DATA2\DATAMOD\PLUGIN\PLGMETAHOCK\DEBUG\DRAWTEXT.OBJ
E:\DATA2\DATAMOD\PLUGIN\PLGMETAHOCK\DEBUG\ENCODE.OBJ
E:\DATA2\DATAMOD\PLUGIN\PLGMETAHOCK\DEBUG\ENGFUNCS.OBJ
E:\DATA2\DATAMOD\PLUGIN\PLGMETAHOCK\DEBUG\EXPORTFUNCS.OBJ
E:\DATA2\DATAMOD\PLUGIN\PLGMETAHOCK\DEBUG\GLOBAL.OBJ
E:\DATA2\DATAMOD\PLUGIN\PLGMETAHOCK\DEBUG\GRAPHIC.OBJ
E:\DATA2\DATAMOD\PLUGIN\PLGMETAHOCK\DEBUG\HOOKLIGHT.OBJ
E:\DATA2\DATAMOD\PLUGIN\PLGMETAHOCK\DEBUG\HUDDRAW.OBJ
E:\DATA2\DATAMOD\PLUGIN\PLGMETAHOCK\DEBUG\INTERFACE.OBJ
E:\DATA2\DATAMOD\PLUGIN\PLGMETAHOCK\DEBUG\KILLMARK.OBJ
E:\data2\Datamod\Plugin\PLGMETAHOCK\Debug\link.command.1.tlog
E:\data2\Datamod\Plugin\PLGMETAHOCK\Debug\link.read.1.tlog
E:\data2\Datamod\Plugin\PLGMETAHOCK\Debug\link.write.1.tlog
E:\DATA2\DATAMOD\PLUGIN\PLGMETAHOCK\DEBUG\MATHLIB.OBJ
E:\DATA2\DATAMOD\PLUGIN\PLGMETAHOCK\DEBUG\MEMPATCHS.OBJ
E:\DATA2\DATAMOD\PLUGIN\PLGMETAHOCK\DEBUG\MSGHOOK.OBJ
E:\data2\Datamod\Plugin\PLGMETAHOCK\Debug\mt.command.1.tlog
E:\data2\Datamod\Plugin\PLGMETAHOCK\Debug\mt.read.1.tlog
E:\data2\Datamod\Plugin\PLGMETAHOCK\Debug\mt.write.1.tlog
E:\DATA2\DATAMOD\PLUGIN\PLGMETAHOCK\DEBUG\OVERVIEW.OBJ
E:\DATA2\DATAMOD\PLUGIN\PLGMETAHOCK\DEBUG\PARSEMSG.OBJ
E:\DATA2\DATAMOD\PLUGIN\PLGMETAHOCK\DEBUG\PLUGINS.OBJ
E:\DATA2\DATAMOD\PLUGIN\PLGMETAHOCK\DEBUG\QGL.OBJ
E:\DATA2\DATAMOD\PLUGIN\PLGMETAHOCK\DEBUG\TRIAPI.OBJ
E:\data2\Datamod\Plugin\PLGMETAHOCK\Debug\vc100.idb
E:\DATA2\DATAMOD\PLUGIN\PLGMETAHOCK\DEBUG\VC100.PDB
